Looking for git in: git
Using git 2.25.1 from git
> git rev-parse --git-dir
Open repository: /home/nivek/Workspace/qcow2-snapshots
> git status -z -u
> git symbolic-ref --short HEAD
> git rev-parse main
> git rev-parse --symbolic-full-name main@{u}
> git rev-list --left-right main...refs/remotes/origin2/main
> git for-each-ref --sort -committerdate --format %(refname) %(objectname) %(*objectname)
> git remote --verbose
> git config --get commit.template
> git check-ignore -v -z --stdin
> git check-ignore -v -z --stdin
> git check-ignore -v -z --stdin
> git check-ignore -v -z --stdin
> git status -z -u
> git symbolic-ref --short HEAD
> git rev-parse main
> git rev-parse --symbolic-full-name main@{u}
> git rev-list --left-right main...refs/remotes/origin2/main
> git for-each-ref --sort -committerdate --format %(refname) %(objectname) %(*objectname)
> git remote --verbose
> git config --get commit.template
> git check-ignore -v -z --stdin
> git status -z -u
> git symbolic-ref --short HEAD
> git rev-parse main
> git rev-parse --symbolic-full-name main@{u}
> git rev-list --left-right main...refs/remotes/origin2/main
> git for-each-ref --sort -committerdate --format %(refname) %(objectname) %(*objectname)
> git remote --verbose
> git config --get commit.template
> git status -z -u
> git symbolic-ref --short HEAD
> git rev-parse main
> git rev-parse --symbolic-full-name main@{u}
> git rev-list --left-right main...refs/remotes/origin2/main
> git for-each-ref --sort -committerdate --format %(refname) %(objectname) %(*objectname)
> git remote --verbose
> git config --get commit.template
> git status -z -u
> git symbolic-ref --short HEAD
> git rev-parse main
> git rev-parse --symbolic-full-name main@{u}
> git rev-list --left-right main...refs/remotes/origin2/main
> git for-each-ref --sort -committerdate --format %(refname) %(objectname) %(*objectname)
> git remote --verbose
> git config --get commit.template
> git status -z -u
> git symbolic-ref --short HEAD
> git rev-parse main
> git rev-parse --symbolic-full-name main@{u}
> git rev-list --left-right main...refs/remotes/origin2/main
> git for-each-ref --sort -committerdate --format %(refname) %(objectname) %(*objectname)
> git remote --verbose
> git config --get commit.template
> git status -z -u
> git symbolic-ref --short HEAD
> git rev-parse main
> git rev-parse --symbolic-full-name main@{u}
> git rev-list --left-right main...refs/remotes/origin2/main
> git for-each-ref --sort -committerdate --format %(refname) %(objectname) %(*objectname)
> git remote --verbose
> git config --get commit.template
> git status -z -u
> git symbolic-ref --short HEAD
> git rev-parse main
> git rev-parse --symbolic-full-name main@{u}
> git rev-list --left-right main...refs/remotes/origin2/main
> git for-each-ref --sort -committerdate --format %(refname) %(objectname) %(*objectname)
> git remote --verbose
> git config --get commit.template
> git status -z -u
> git symbolic-ref --short HEAD
> git rev-parse main
> git rev-parse --symbolic-full-name main@{u}
> git rev-list --left-right main...refs/remotes/origin2/main
> git for-each-ref --sort -committerdate --format %(refname) %(objectname) %(*objectname)
> git remote --verbose
> git config --get commit.template
> git status -z -u
> git symbolic-ref --short HEAD
> git rev-parse main
> git rev-parse --symbolic-full-name main@{u}
> git rev-list --left-right main...refs/remotes/origin2/main
> git for-each-ref --sort -committerdate --format %(refname) %(objectname) %(*objectname)
> git remote --verbose
> git config --get commit.template
> git status -z -u
> git symbolic-ref --short HEAD
> git rev-parse main
> git rev-parse --symbolic-full-name main@{u}
> git rev-list --left-right main...refs/remotes/origin2/main
> git for-each-ref --sort -committerdate --format %(refname) %(objectname) %(*objectname)
> git remote --verbose
> git config --get commit.template
> git show --textconv :expes/memory_footprint
> git ls-files --stage -- /home/nivek/Workspace/qcow2-snapshots/expes/memory_footprint
> git status -z -u
> git symbolic-ref --short HEAD
> git rev-parse main
> git rev-parse --symbolic-full-name main@{u}
> git rev-list --left-right main...refs/remotes/origin2/main
> git for-each-ref --sort -committerdate --format %(refname) %(objectname) %(*objectname)
> git remote --verbose
> git config --get commit.template
> git check-ignore -v -z --stdin
> git status -z -u
> git symbolic-ref --short HEAD
> git rev-parse main
> git rev-parse --symbolic-full-name main@{u}
> git rev-list --left-right main...refs/remotes/origin2/main
> git for-each-ref --sort -committerdate --format %(refname) %(objectname) %(*objectname)
> git remote --verbose
> git config --get commit.template
> git check-ignore -v -z --stdin
> git status -z -u
> git symbolic-ref --short HEAD
> git rev-parse main
> git rev-parse --symbolic-full-name main@{u}
> git rev-list --left-right main...refs/remotes/origin2/main
> git for-each-ref --sort -committerdate --format %(refname) %(objectname) %(*objectname)
> git remote --verbose
> git config --get commit.template
